# JRE version: OpenJDK Runtime Environment Temurin-17.0.14+7 (17.0.14+7) (build 17.0.14+7)
# Java VM: OpenJDK 64-Bit Server VM Temurin-17.0.14+7 (17.0.14+7, mixed mode, sharing, tiered, compressed oops, compressed class ptrs, g1 gc, windows-amd64)
GC Precious Log:
 CPUs: 8 total, 8 available
 Memory: 8036M
 Large Page Support: Disabled
 NUMA Support: Disabled
 Compressed Oops: Enabled (32-bit)
 Heap Region Size: 1M
 Heap Min Capacity: 8M
 Heap Initial Capacity: 126M
 Heap Max Capacity: 2010M
 Pre-touch: Disabled
 Parallel Workers: 8
 Concurrent Workers: 2
 Concurrent Refinement Workers: 8
 Periodic GC: Disabled
Heap:
 garbage-first heap   total 61440K, used 37669K [0x0000000082600000, 0x0000000100000000)
  region size 1024K, 13 young (13312K), 2 survivors (2048K)
 Metaspace       used 34671K, committed 34944K, reserved 1114112K
  class space    used 4500K, committed 4608K, reserved 1048576K
GC Heap History (20 events):
Event: 0.466 GC heap before
{Heap before GC invocations=0 (full 0):
 garbage-first heap   total 129024K, used 22528K [0x0000000082600000, 0x0000000100000000)
  region size 1024K, 23 young (23552K), 0 survivors (0K)
 Metaspace       used 4082K, committed 4288K, reserved 1114112K
  class space    used 478K, committed 576K, reserved 1048576K
}
Event: 0.469 GC heap after
{Heap after GC invocations=1 (full 0):
 garbage-first heap   total 129024K, used 3503K [0x0000000082600000, 0x0000000100000000)
  region size 1024K, 3 young (3072K), 3 survivors (3072K)
 Metaspace       used 4082K, committed 4288K, reserved 1114112K
  class space    used 478K, committed 576K, reserved 1048576K
}
Event: 1.087 GC heap before
{Heap before GC invocations=1 (full 0):
 garbage-first heap   total 129024K, used 36271K [0x0000000082600000, 0x0000000100000000)
  region size 1024K, 35 young (35840K), 3 survivors (3072K)
 Metaspace       used 13462K, committed 13696K, reserved 1114112K
  class space    used 1713K, committed 1856K, reserved 1048576K
}
Event: 1.095 GC heap after
{Heap after GC invocations=2 (full 0):
 garbage-first heap   total 129024K, used 9408K [0x0000000082600000, 0x0000000100000000)
  region size 1024K, 5 young (5120K), 5 survivors (5120K)
 Metaspace       used 13462K, committed 13696K, reserved 1114112K
  class space    used 1713K, committed 1856K, reserved 1048576K
}
Event: 7.423 GC heap before
{Heap before GC invocations=2 (full 0):
 garbage-first heap   total 129024K, used 47296K [0x0000000082600000, 0x0000000100000000)
  region size 1024K, 41 young (41984K), 5 survivors (5120K)
 Metaspace       used 21309K, committed 21504K, reserved 1114112K
  class space    used 2978K, committed 3072K, reserved 1048576K
}
Event: 7.430 GC heap after
{Heap after GC invocations=3 (full 0):
 garbage-first heap   total 129024K, used 16424K [0x0000000082600000, 0x0000000100000000)
  region size 1024K, 5 young (5120K), 5 survivors (5120K)
 Metaspace       used 21309K, committed 21504K, reserved 1114112K
  class space    used 2978K, committed 3072K, reserved 1048576K
}
Event: 9.913 GC heap before
{Heap before GC invocations=4 (full 0):
 garbage-first heap   total 61440K, used 47144K [0x0000000082600000, 0x0000000100000000)
  region size 1024K, 35 young (35840K), 5 survivors (5120K)
 Metaspace       used 27622K, committed 27904K, reserved 1114112K
  class space    used 3670K, committed 3840K, reserved 1048576K
}
Event: 9.920 GC heap after
{Heap after GC invocations=5 (full 0):
 garbage-first heap   total 61440K, used 24226K [0x0000000082600000, 0x0000000100000000)
  region size 1024K, 5 young (5120K), 5 survivors (5120K)
 Metaspace       used 27622K, committed 27904K, reserved 1114112K
  class space    used 3670K, committed 3840K, reserved 1048576K
}
Event: 9.960 GC heap before
{Heap before GC invocations=5 (full 0):
 garbage-first heap   total 61440K, used 25250K [0x0000000082600000, 0x0000000100000000)
  region size 1024K, 6 young (6144K), 5 survivors (5120K)
 Metaspace       used 28274K, committed 28544K, reserved 1114112K
  class space    used 3737K, committed 3904K, reserved 1048576K
}
Event: 9.963 GC heap after
{Heap after GC invocations=6 (full 0):
 garbage-first heap   total 61440K, used 25090K [0x0000000082600000, 0x0000000100000000)
  region size 1024K, 1 young (1024K), 1 survivors (1024K)
 Metaspace       used 28274K, committed 28544K, reserved 1114112K
  class space    used 3737K, committed 3904K, reserved 1048576K
}
Event: 11.689 GC heap before
{Heap before GC invocations=6 (full 0):
 garbage-first heap   total 61440K, used 43522K [0x0000000082600000, 0x0000000100000000)
  region size 1024K, 19 young (19456K), 1 survivors (1024K)
 Metaspace       used 33531K, committed 33792K, reserved 1114112K
  class space    used 4374K, committed 4544K, reserved 1048576K
}
Event: 11.692 GC heap after
{Heap after GC invocations=7 (full 0):
 garbage-first heap   total 61440K, used 26039K [0x0000000082600000, 0x0000000100000000)
  region size 1024K, 2 young (2048K), 2 survivors (2048K)
 Metaspace       used 33531K, committed 33792K, reserved 1114112K
  class space    used 4374K, committed 4544K, reserved 1048576K
}
Event: 60.183 GC heap before
{Heap before GC invocations=7 (full 0):
 garbage-first heap   total 61440K, used 45495K [0x0000000082600000, 0x0000000100000000)
  region size 1024K, 21 young (21504K), 2 survivors (2048K)
 Metaspace       used 34610K, committed 34944K, reserved 1114112K
  class space    used 4487K, committed 4608K, reserved 1048576K
}
Event: 60.185 GC heap after
{Heap after GC invocations=8 (full 0):
 garbage-first heap   total 61440K, used 28109K [0x0000000082600000, 0x0000000100000000)
  region size 1024K, 3 young (3072K), 3 survivors (3072K)
 Metaspace       used 34610K, committed 34944K, reserved 1114112K
  class space    used 4487K, committed 4608K, reserved 1048576K
}
Event: 224.533 GC heap before
{Heap before GC invocations=8 (full 0):
 garbage-first heap   total 61440K, used 46541K [0x0000000082600000, 0x0000000100000000)
  region size 1024K, 21 young (21504K), 3 survivors (3072K)
 Metaspace       used 34659K, committed 34944K, reserved 1114112K
  class space    used 4499K, committed 4608K, reserved 1048576K
}
Event: 224.535 GC heap after
{Heap after GC invocations=9 (full 0):
 garbage-first heap   total 61440K, used 27405K [0x0000000082600000, 0x0000000100000000)
  region size 1024K, 2 young (2048K), 2 survivors (2048K)
 Metaspace       used 34659K, committed 34944K, reserved 1114112K
  class space    used 4499K, committed 4608K, reserved 1048576K
}
Event: 471.839 GC heap before
{Heap before GC invocations=9 (full 0):
 garbage-first heap   total 61440K, used 46861K [0x0000000082600000, 0x0000000100000000)
  region size 1024K, 21 young (21504K), 2 survivors (2048K)
 Metaspace       used 34666K, committed 34944K, reserved 1114112K
  class space    used 4499K, committed 4608K, reserved 1048576K
}
Event: 471.843 GC heap after
{Heap after GC invocations=10 (full 0):
 garbage-first heap   total 61440K, used 28429K [0x0000000082600000, 0x0000000100000000)
  region size 1024K, 3 young (3072K), 3 survivors (3072K)
 Metaspace       used 34666K, committed 34944K, reserved 1114112K
  class space    used 4499K, committed 4608K, reserved 1048576K
}
Event: 751.991 GC heap before
{Heap before GC invocations=10 (full 0):
 garbage-first heap   total 61440K, used 48909K [0x0000000082600000, 0x0000000100000000)
  region size 1024K, 23 young (23552K), 3 survivors (3072K)
 Metaspace       used 34668K, committed 34944K, reserved 1114112K
  class space    used 4499K, committed 4608K, reserved 1048576K
}
Event: 751.994 GC heap after
{Heap after GC invocations=11 (full 0):
 garbage-first heap   total 61440K, used 27429K [0x0000000082600000, 0x0000000100000000)
  region size 1024K, 2 young (2048K), 2 survivors (2048K)
 Metaspace       used 34668K, committed 34944K, reserved 1114112K
  class space    used 4499K, committed 4608K, reserved 1048576K
}

