# JRE version: OpenJDK Runtime Environment Temurin-17.0.14+7 (17.0.14+7) (build 17.0.14+7)
# Java VM: OpenJDK 64-Bit Server VM Temurin-17.0.14+7 (17.0.14+7, mixed mode, sharing, tiered, compressed oops, compressed class ptrs, g1 gc, windows-amd64)
GC Precious Log:
 CPUs: 8 total, 8 available
 Memory: 8036M
 Large Page Support: Disabled
 NUMA Support: Disabled
 Compressed Oops: Enabled (32-bit)
 Heap Region Size: 1M
 Heap Min Capacity: 8M
 Heap Initial Capacity: 126M
 Heap Max Capacity: 2010M
 Pre-touch: Disabled
 Parallel Workers: 8
 Concurrent Workers: 2
 Concurrent Refinement Workers: 8
 Periodic GC: Disabled
Heap:
 garbage-first heap   total 65536K, used 31125K [0x0000000082600000, 0x0000000100000000)
  region size 1024K, 8 young (8192K), 1 survivors (1024K)
 Metaspace       used 33642K, committed 34048K, reserved 1114112K
  class space    used 4399K, committed 4608K, reserved 1048576K
GC Heap History (10 events):
Event: 0.578 GC heap before
{Heap before GC invocations=0 (full 0):
 garbage-first heap   total 129024K, used 23552K [0x0000000082600000, 0x0000000100000000)
  region size 1024K, 23 young (23552K), 0 survivors (0K)
 Metaspace       used 4106K, committed 4352K, reserved 1114112K
  class space    used 479K, committed 576K, reserved 1048576K
}
Event: 0.581 GC heap after
{Heap after GC invocations=1 (full 0):
 garbage-first heap   total 129024K, used 3546K [0x0000000082600000, 0x0000000100000000)
  region size 1024K, 3 young (3072K), 3 survivors (3072K)
 Metaspace       used 4106K, committed 4352K, reserved 1114112K
  class space    used 479K, committed 576K, reserved 1048576K
}
Event: 1.237 GC heap before
{Heap before GC invocations=1 (full 0):
 garbage-first heap   total 129024K, used 35290K [0x0000000082600000, 0x0000000100000000)
  region size 1024K, 35 young (35840K), 3 survivors (3072K)
 Metaspace       used 13517K, committed 13696K, reserved 1114112K
  class space    used 1716K, committed 1792K, reserved 1048576K
}
Event: 1.243 GC heap after
{Heap after GC invocations=2 (full 0):
 garbage-first heap   total 129024K, used 9758K [0x0000000082600000, 0x0000000100000000)
  region size 1024K, 5 young (5120K), 5 survivors (5120K)
 Metaspace       used 13517K, committed 13696K, reserved 1114112K
  class space    used 1716K, committed 1792K, reserved 1048576K
}
Event: 3.849 GC heap before
{Heap before GC invocations=2 (full 0):
 garbage-first heap   total 129024K, used 46622K [0x0000000082600000, 0x0000000100000000)
  region size 1024K, 41 young (41984K), 5 survivors (5120K)
 Metaspace       used 21314K, committed 21504K, reserved 1114112K
  class space    used 2981K, committed 3072K, reserved 1048576K
}
Event: 3.855 GC heap after
{Heap after GC invocations=3 (full 0):
 garbage-first heap   total 129024K, used 16263K [0x0000000082600000, 0x0000000100000000)
  region size 1024K, 5 young (5120K), 5 survivors (5120K)
 Metaspace       used 21314K, committed 21504K, reserved 1114112K
  class space    used 2981K, committed 3072K, reserved 1048576K
}
Event: 50.799 GC heap before
{Heap before GC invocations=4 (full 0):
 garbage-first heap   total 65536K, used 49031K [0x0000000082600000, 0x0000000100000000)
  region size 1024K, 37 young (37888K), 5 survivors (5120K)
 Metaspace       used 28277K, committed 28544K, reserved 1114112K
  class space    used 3742K, committed 3904K, reserved 1048576K
}
Event: 50.807 GC heap after
{Heap after GC invocations=5 (full 0):
 garbage-first heap   total 65536K, used 24848K [0x0000000082600000, 0x0000000100000000)
  region size 1024K, 5 young (5120K), 5 survivors (5120K)
 Metaspace       used 28277K, committed 28544K, reserved 1114112K
  class space    used 3742K, committed 3904K, reserved 1048576K
}
Event: 50.916 GC heap before
{Heap before GC invocations=5 (full 0):
 garbage-first heap   total 65536K, used 24848K [0x0000000082600000, 0x0000000100000000)
  region size 1024K, 6 young (6144K), 5 survivors (5120K)
 Metaspace       used 28702K, committed 28992K, reserved 1114112K
  class space    used 3793K, committed 3968K, reserved 1048576K
}
Event: 50.920 GC heap after
{Heap after GC invocations=6 (full 0):
 garbage-first heap   total 65536K, used 24981K [0x0000000082600000, 0x0000000100000000)
  region size 1024K, 1 young (1024K), 1 survivors (1024K)
 Metaspace       used 28702K, committed 28992K, reserved 1114112K
  class space    used 3793K, committed 3968K, reserved 1048576K
}

